C:\USERS\IVAN\DOCUMENTS\VISUAL STUDIO 2012\PROJECTS\BASHIMGETTERGUI\BASHIMGETTERGUI\DEBUG\BASHIMGETTERGUI.PCH
C:\USERS\IVAN\DOCUMENTS\VISUAL STUDIO 2012\PROJECTS\BASHIMGETTERGUI\BASHIMGETTERGUI\DEBUG\STDAFX.OBJ
C:\USERS\IVAN\DOCUMENTS\VISUAL STUDIO 2012\PROJECTS\BASHIMGETTERGUI\BASHIMGETTERGUI\DEBUG\VC110.PDB
C:\USERS\IVAN\DOCUMENTS\VISUAL STUDIO 2012\PROJECTS\BASHIMGETTERGUI\BASHIMGETTERGUI\DEBUG\BASHGUIDLG.OBJ
C:\USERS\IVAN\DOCUMENTS\VISUAL STUDIO 2012\PROJECTS\BASHIMGETTERGUI\BASHIMGETTERGUI\DEBUG\BASHIMGETTERGUI.OBJ
C:\USERS\IVAN\DOCUMENTS\VISUAL STUDIO 2012\PROJECTS\BASHIMGETTERGUI\BASHIMGETTERGUI\DEBUG\GETDATA.OBJ
C:\USERS\IVAN\DOCUMENTS\VISUAL STUDIO 2012\PROJECTS\BASHIMGETTERGUI\BASHIMGETTERGUI\DEBUG\MAPHTMLCODE.OBJ
C:\USERS\IVAN\DOCUMENTS\VISUAL STUDIO 2012\PROJECTS\BASHIMGETTERGUI\BASHIMGETTERGUI\DEBUG\PARSER.OBJ
C:\USERS\IVAN\DOCUMENTS\VISUAL STUDIO 2012\PROJECTS\BASHIMGETTERGUI\DEBUG\BASHIMGETTERGUI.ILK
C:\USERS\IVAN\DOCUMENTS\VISUAL STUDIO 2012\PROJECTS\BASHIMGETTERGUI\DEBUG\BASHIMGETTERGUI.EXE
C:\USERS\IVAN\DOCUMENTS\VISUAL STUDIO 2012\PROJECTS\BASHIMGETTERGUI\DEBUG\BASHIMGETTERGUI.PDB
C:\USERS\IVAN\DOCUMENTS\VISUAL STUDIO 2012\PROJECTS\BASHIMGETTERGUI\BASHIMGETTERGUI\DEBUG\BASHIMGETTERGUI.RES
C:\Users\Ivan\Documents\Visual Studio 2012\Projects\BashImGetterGUI\BashImGetterGUI\Debug\BashGUIDlg.obj
C:\Users\Ivan\Documents\Visual Studio 2012\Projects\BashImGetterGUI\BashImGetterGUI\Debug\BashImGetterGUI.obj
C:\Users\Ivan\Documents\Visual Studio 2012\Projects\BashImGetterGUI\BashImGetterGUI\Debug\GetData.obj
C:\Users\Ivan\Documents\Visual Studio 2012\Projects\BashImGetterGUI\BashImGetterGUI\Debug\MapHtmlCode.obj
C:\Users\Ivan\Documents\Visual Studio 2012\Projects\BashImGetterGUI\BashImGetterGUI\Debug\Parser.obj
C:\Users\Ivan\Documents\Visual Studio 2012\Projects\BashImGetterGUI\BashImGetterGUI\Debug\stdafx.obj
C:\Users\Ivan\Documents\Visual Studio 2012\Projects\BashImGetterGUI\BashImGetterGUI\Debug\cl.command.1.tlog
C:\Users\Ivan\Documents\Visual Studio 2012\Projects\BashImGetterGUI\BashImGetterGUI\Debug\CL.read.1.tlog
C:\Users\Ivan\Documents\Visual Studio 2012\Projects\BashImGetterGUI\BashImGetterGUI\Debug\CL.write.1.tlog
C:\Users\Ivan\Documents\Visual Studio 2012\Projects\BashImGetterGUI\BashImGetterGUI\Debug\link-cvtres.read.1.tlog
C:\Users\Ivan\Documents\Visual Studio 2012\Projects\BashImGetterGUI\BashImGetterGUI\Debug\link-cvtres.write.1.tlog
C:\Users\Ivan\Documents\Visual Studio 2012\Projects\BashImGetterGUI\BashImGetterGUI\Debug\link-mt.read.1.tlog
C:\Users\Ivan\Documents\Visual Studio 2012\Projects\BashImGetterGUI\BashImGetterGUI\Debug\link-mt.write.1.tlog
C:\Users\Ivan\Documents\Visual Studio 2012\Projects\BashImGetterGUI\BashImGetterGUI\Debug\link-rc.read.1.tlog
C:\Users\Ivan\Documents\Visual Studio 2012\Projects\BashImGetterGUI\BashImGetterGUI\Debug\link-rc.write.1.tlog
C:\Users\Ivan\Documents\Visual Studio 2012\Projects\BashImGetterGUI\BashImGetterGUI\Debug\link.4832-cvtres.read.1.tlog
C:\Users\Ivan\Documents\Visual Studio 2012\Projects\BashImGetterGUI\BashImGetterGUI\Debug\link.4832-cvtres.write.1.tlog
C:\Users\Ivan\Documents\Visual Studio 2012\Projects\BashImGetterGUI\BashImGetterGUI\Debug\link.4832-mt.read.1.tlog
C:\Users\Ivan\Documents\Visual Studio 2012\Projects\BashImGetterGUI\BashImGetterGUI\Debug\link.4832-mt.write.1.tlog
C:\Users\Ivan\Documents\Visual Studio 2012\Projects\BashImGetterGUI\BashImGetterGUI\Debug\link.4832-rc.read.1.tlog
C:\Users\Ivan\Documents\Visual Studio 2012\Projects\BashImGetterGUI\BashImGetterGUI\Debug\link.4832-rc.write.1.tlog
C:\Users\Ivan\Documents\Visual Studio 2012\Projects\BashImGetterGUI\BashImGetterGUI\Debug\link.4832.read.1.tlog
C:\Users\Ivan\Documents\Visual Studio 2012\Projects\BashImGetterGUI\BashImGetterGUI\Debug\link.4832.write.1.tlog
C:\Users\Ivan\Documents\Visual Studio 2012\Projects\BashImGetterGUI\BashImGetterGUI\Debug\link.5696-cvtres.read.1.tlog
C:\Users\Ivan\Documents\Visual Studio 2012\Projects\BashImGetterGUI\BashImGetterGUI\Debug\link.5696-cvtres.write.1.tlog
C:\Users\Ivan\Documents\Visual Studio 2012\Projects\BashImGetterGUI\BashImGetterGUI\Debug\link.5696-mt.read.1.tlog
C:\Users\Ivan\Documents\Visual Studio 2012\Projects\BashImGetterGUI\BashImGetterGUI\Debug\link.5696-mt.write.1.tlog
C:\Users\Ivan\Documents\Visual Studio 2012\Projects\BashImGetterGUI\BashImGetterGUI\Debug\link.5696-rc.read.1.tlog
C:\Users\Ivan\Documents\Visual Studio 2012\Projects\BashImGetterGUI\BashImGetterGUI\Debug\link.5696-rc.write.1.tlog
C:\Users\Ivan\Documents\Visual Studio 2012\Projects\BashImGetterGUI\BashImGetterGUI\Debug\link.5696.read.1.tlog
C:\Users\Ivan\Documents\Visual Studio 2012\Projects\BashImGetterGUI\BashImGetterGUI\Debug\link.5696.write.1.tlog
C:\Users\Ivan\Documents\Visual Studio 2012\Projects\BashImGetterGUI\BashImGetterGUI\Debug\link.command.1.tlog
C:\Users\Ivan\Documents\Visual Studio 2012\Projects\BashImGetterGUI\BashImGetterGUI\Debug\link.read.1.tlog
C:\Users\Ivan\Documents\Visual Studio 2012\Projects\BashImGetterGUI\BashImGetterGUI\Debug\link.write.1.tlog
C:\Users\Ivan\Documents\Visual Studio 2012\Projects\BashImGetterGUI\BashImGetterGUI\Debug\rc.command.1.tlog
C:\Users\Ivan\Documents\Visual Studio 2012\Projects\BashImGetterGUI\BashImGetterGUI\Debug\rc.read.1.tlog
C:\Users\Ivan\Documents\Visual Studio 2012\Projects\BashImGetterGUI\BashImGetterGUI\Debug\rc.write.1.tlog
C:\Users\Ivan\Documents\Visual Studio 2012\Projects\BashImGetterGUI\BashImGetterGUI\Debug\BashImGetterGUI.res
C:\Users\Ivan\Documents\Visual Studio 2012\Projects\BashImGetterGUI\BashImGetterGUI\Debug\BashImGetterGUI.pch
C:\Users\Ivan\Documents\Visual Studio 2012\Projects\BashImGetterGUI\BashImGetterGUI\Debug\vc110.idb
C:\Users\Ivan\Documents\Visual Studio 2012\Projects\BashImGetterGUI\BashImGetterGUI\Debug\vc110.pdb
C:\Users\Ivan\Documents\Visual Studio 2012\Projects\BashImGetterGUI\Debug\BashImGetterGUI.pdb
C:\Users\Ivan\Documents\Visual Studio 2012\Projects\BashImGetterGUI\Debug\BashImGetterGUI.exe
C:\Users\Ivan\Documents\Visual Studio 2012\Projects\BashImGetterGUI\Debug\BashImGetterGUI.ilk
